<?xml version="1.0" encoding="UTF-8"?>
<testsuite xmlns:xsi="http://www.w3.org/2001/XMLSchema-instance" xsi:noNamespaceSchemaLocation="https://maven.apache.org/surefire/maven-surefire-plugin/xsd/surefire-test-report.xsd" version="3.0.2" name="com.cashier.stripe.application.service.SubscriptionServiceTest" time="0.107" tests="3" errors="0" skipped="0" failures="0">
  <properties>
[...]
</properties>
  <testcase name="cancelSubscription_shouldCancelSubscription" classname="com.cashier.stripe.application.service.SubscriptionServiceTest" time="0.093"/>
  <testcase name="getSubscription_shouldReturnSubscription" classname="com.cashier.stripe.application.service.SubscriptionServiceTest" time="0.005"/>
  <testcase name="createSubscription_shouldCreateSubscription" classname="com.cashier.stripe.application.service.SubscriptionServiceTest" time="0.005"/>
</testsuite>